<?xml version="1.0" encoding="UTF-8"?>
<testng-results ignored="0" total="1" passed="1" failed="0" skipped="0">
  <reporter-output>
  </reporter-output>
  <suite started-at="2024-01-22T14:47:42 EST" name="Default suite" finished-at="2024-01-22T14:47:42 EST" duration-ms="43">
    <groups>
    </groups>
    <test started-at="2024-01-22T14:47:42 EST" name="Default test" finished-at="2024-01-22T14:47:42 EST" duration-ms="43">
      <class name="test.day1demo">
        <test-method is-config="true" signature="prerequiste()[pri:0, instance:test.day1demo@e056f20]" started-at="2024-01-22T14:47:42 EST" name="prerequiste" finished-at="2024-01-22T14:47:42 EST" duration-ms="11" status="PASS">
          <reporter-output>
          </reporter-output>
        </test-method> <!-- prerequiste -->
        <test-method signature="ploan()[pri:0, instance:test.day1demo@e056f20]" started-at="2024-01-22T14:47:42 EST" name="ploan" finished-at="2024-01-22T14:47:42 EST" duration-ms="5" status="PASS">
          <reporter-output>
          </reporter-output>
        </test-method> <!-- ploan -->
      </class> <!-- test.day1demo -->
    </test> <!-- Default test -->
  </suite> <!-- Default suite -->
</testng-results>
