<?xml version="1.0" encoding="UTF-8"?>
<!-- Generated by org.testng.reporters.JUnitXMLReporter -->
<testsuite ignored="0" hostname="Ravis-MacBook-Pro.local" failures="0" tests="6" name="Default test" time="0.043" errors="0" timestamp="2024-10-03T16:20:55 EDT">
  <testcase classname="QASeleniumautomation.DeepMavenJava.AppiumTest" name="IOSApps" time="0.008"/>
  <testcase classname="QASeleniumautomation.DeepMavenJava.AppiumTest" name="NativeAPpAndroid" time="0.001"/>
  <testcase classname="QASeleniumautomation.DeepMavenJava.SeleniumTest" name="BrowserAUtomation" time="0.001"/>
  <testcase classname="QASeleniumautomation.DeepMavenJava.SeleniumTest" name="elementsUi" time="0.001"/>
  <testcase classname="QASeleniumautomation.DeepMavenJava.RestAPITest" name="deleteTwitter" time="0.001"/>
  <testcase classname="QASeleniumautomation.DeepMavenJava.RestAPITest" name="postJira" time="0.001"/>
</testsuite> <!-- Default test -->
