<?xml version="1.0" encoding="UTF-8"?>
<testng-results ignored="0" total="6" passed="6" failed="0" skipped="0">
  <reporter-output>
  </reporter-output>
  <suite started-at="2024-10-03T16:20:55 EDT" name="Default suite" finished-at="2024-10-03T16:20:55 EDT" duration-ms="43">
    <groups>
    </groups>
    <test started-at="2024-10-03T16:20:55 EDT" name="Default test" finished-at="2024-10-03T16:20:55 EDT" duration-ms="43">
      <class name="QASeleniumautomation.DeepMavenJava.AppiumTest">
        <test-method signature="IOSApps()[pri:0, instance:QASeleniumautomation.DeepMavenJava.AppiumTest@163e4e87]" started-at="2024-10-03T16:20:55 EDT" name="IOSApps" finished-at="2024-10-03T16:20:55 EDT" duration-ms="8" status="PASS">
          <reporter-output>
          </reporter-output>
        </test-method> <!-- IOSApps -->
        <test-method signature="NativeAPpAndroid()[pri:0, instance:QASeleniumautomation.DeepMavenJava.AppiumTest@163e4e87]" started-at="2024-10-03T16:20:55 EDT" name="NativeAPpAndroid" finished-at="2024-10-03T16:20:55 EDT" duration-ms="1" status="PASS">
          <reporter-output>
          </reporter-output>
        </test-method> <!-- NativeAPpAndroid -->
      </class> <!-- QASeleniumautomation.DeepMavenJava.AppiumTest -->
      <class name="QASeleniumautomation.DeepMavenJava.SeleniumTest">
        <test-method signature="BrowserAUtomation()[pri:0, instance:QASeleniumautomation.DeepMavenJava.SeleniumTest@78aab498]" started-at="2024-10-03T16:20:55 EDT" name="BrowserAUtomation" finished-at="2024-10-03T16:20:55 EDT" duration-ms="1" status="PASS">
          <reporter-output>
          </reporter-output>
        </test-method> <!-- BrowserAUtomation -->
        <test-method signature="elementsUi()[pri:0, instance:QASeleniumautomation.DeepMavenJava.SeleniumTest@78aab498]" started-at="2024-10-03T16:20:55 EDT" name="elementsUi" finished-at="2024-10-03T16:20:55 EDT" duration-ms="1" status="PASS">
          <reporter-output>
          </reporter-output>
        </test-method> <!-- elementsUi -->
      </class> <!-- QASeleniumautomation.DeepMavenJava.SeleniumTest -->
      <class name="QASeleniumautomation.DeepMavenJava.RestAPITest">
        <test-method signature="deleteTwitter()[pri:0, instance:QASeleniumautomation.DeepMavenJava.RestAPITest@5dd6264]" started-at="2024-10-03T16:20:55 EDT" name="deleteTwitter" finished-at="2024-10-03T16:20:55 EDT" duration-ms="1" status="PASS">
          <reporter-output>
          </reporter-output>
        </test-method> <!-- deleteTwitter -->
        <test-method signature="postJira()[pri:0, instance:QASeleniumautomation.DeepMavenJava.RestAPITest@5dd6264]" started-at="2024-10-03T16:20:55 EDT" name="postJira" finished-at="2024-10-03T16:20:55 EDT" duration-ms="1" status="PASS">
          <reporter-output>
          </reporter-output>
        </test-method> <!-- postJira -->
      </class> <!-- QASeleniumautomation.DeepMavenJava.RestAPITest -->
    </test> <!-- Default test -->
  </suite> <!-- Default suite -->
</testng-results>
