<?xml version="1.0" encoding="UTF-8"?>
<!-- Generated by org.testng.reporters.JUnitXMLReporter -->
<testsuite ignored="0" hostname="Ravis-MacBook-Pro.local" failures="0" tests="3" name="car loan" time="0.014" errors="0" timestamp="2024-01-17T22:18:37 EST">
  <testcase classname="test.day2demo" name="LoginAPIcarloan" time="0.001"/>
  <testcase classname="test.day2demo" name="Mobilelogincarloan" time="0.005"/>
  <testcase classname="test.day2demo" name="Weblogincarloan" time="0.001"/>
</testsuite> <!-- car loan -->
