<?xml version="1.0" encoding="UTF-8"?>
<!-- Generated by org.testng.reporters.JUnitXMLReporter -->
<testsuite ignored="0" hostname="Ravis-MacBook-Pro.local" failures="0" tests="6" name="personal loan" time="0.052" errors="0" timestamp="2024-01-17T22:18:37 EST">
  <testcase classname="test.Basics" name="Demo" time="0.008"/>
  <testcase classname="test.Basics" name="Secondtest" time="0.001"/>
  <testcase classname="test.day1demo" name="ploan" time="0.001"/>
  <testcase classname="test.day3demo" name="LoginAPIhomeloan" time="0.0"/>
  <testcase classname="test.day3demo" name="Mobileloginhomeloan" time="0.0"/>
  <testcase classname="test.day3demo" name="Webloginhomeloan" time="0.001"/>
</testsuite> <!-- personal loan -->
